<?xml version="1.0" encoding="UTF-8"?>
<testsuite xmlns:xsi="http://www.w3.org/2001/XMLSchema-instance" xsi:noNamespaceSchemaLocation="https://maven.apache.org/surefire/maven-surefire-plugin/xsd/surefire-test-report.xsd" version="3.0.2" name="com.quanxiaoha.ai.robot.XiaohaAiRobotSpringbootApplicationTests" time="2.978" tests="1" errors="0" skipped="0" failures="0">
  <properties>
    <property name="java.specification.version" value="21"/>
    <property name="sun.cpu.isalist" value="amd64"/>
    <property name="sun.jnu.encoding" value="GBK"/>
    <property name="java.class.path" value="E:\develop\ai-robot-springboot\xiaoha-ai-robot\xiaoha-ai-robot-springboot\target\test-classes;E:\develop\ai-robot-springboot\xiaoha-ai-robot\xiaoha-ai-robot-springboot\target\classes;E:\apache-maven-3.9.9-bin\mvn_repo\org\springframework\boot\spring-boot-starter-web\3.4.7\spring-boot-starter-web-3.4.7.jar;E:\apache-maven-3.9.9-bin\mvn_repo\org\springframework\boot\spring-boot-starter\3.4.7\spring-boot-starter-3.4.7.jar;E:\apache-maven-3.9.9-bin\mvn_repo\org\springframework\boot\spring-boot\3.4.7\spring-boot-3.4.7.jar;E:\apache-maven-3.9.9-bin\mvn_repo\org\springframework\boot\spring-boot-autoconfigure\3.4.7\spring-boot-autoconfigure-3.4.7.jar;E:\apache-maven-3.9.9-bin\mvn_repo\org\springframework\boot\spring-boot-starter-logging\3.4.7\spring-boot-starter-logging-3.4.7.jar;E:\apache-maven-3.9.9-bin\mvn_repo\ch\qos\logback\logback-classic\1.5.18\logback-classic-1.5.18.jar;E:\apache-maven-3.9.9-bin\mvn_repo\ch\qos\logback\logback-core\1.5.18\logback-core-1.5.18.jar;E:\apache-maven-3.9.9-bin\mvn_repo\org\apache\logging\log4j\log4j-to-slf4j\2.24.3\log4j-to-slf4j-2.24.3.jar;E:\apache-maven-3.9.9-bin\mvn_repo\org\apache\logging\log4j\log4j-api\2.24.3\log4j-api-2.24.3.jar;E:\apache-maven-3.9.9-bin\mvn_repo\org\slf4j\jul-to-slf4j\2.0.17\jul-to-slf4j-2.0.17.jar;E:\apache-maven-3.9.9-bin\mvn_repo\jakarta\annotation\jakarta.annotation-api\2.1.1\jakarta.annotation-api-2.1.1.jar;E:\apache-maven-3.9.9-bin\mvn_repo\org\yaml\snakeyaml\2.3\snakeyaml-2.3.jar;E:\apache-maven-3.9.9-bin\mvn_repo\org\springframework\boot\spring-boot-starter-json\3.4.7\spring-boot-starter-json-3.4.7.jar;E:\apache-maven-3.9.9-bin\mvn_repo\com\fasterxml\jackson\core\jackson-databind\2.18.4\jackson-databind-2.18.4.jar;E:\apache-maven-3.9.9-bin\mvn_repo\com\fasterxml\jackson\core\jackson-annotations\2.18.4\jackson-annotations-2.18.4.jar;E:\apache-maven-3.9.9-bin\mvn_repo\com\fasterxml\jackson\core\jackson-core\2.18.4.1\jackson-core-2.18.4.1.jar;E:\apache-maven-3.9.9-bin\mvn_repo\com\fasterxml\jackson\datatype\jackson-datatype-jdk8\2.18.4\jackson-datatype-jdk8-2.18.4.jar;E:\apache-maven-3.9.9-bin\mvn_repo\com\fasterxml\jackson\datatype\jackson-datatype-jsr310\2.18.4\jackson-datatype-jsr310-2.18.4.jar;E:\apache-maven-3.9.9-bin\mvn_repo\com\fasterxml\jackson\module\jackson-module-parameter-names\2.18.4\jackson-module-parameter-names-2.18.4.jar;E:\apache-maven-3.9.9-bin\mvn_repo\org\springframework\boot\spring-boot-starter-tomcat\3.4.7\spring-boot-starter-tomcat-3.4.7.jar;E:\apache-maven-3.9.9-bin\mvn_repo\org\apache\tomcat\embed\tomcat-embed-core\10.1.42\tomcat-embed-core-10.1.42.jar;E:\apache-maven-3.9.9-bin\mvn_repo\org\apache\tomcat\embed\tomcat-embed-el\10.1.42\tomcat-embed-el-10.1.42.jar;E:\apache-maven-3.9.9-bin\mvn_repo\org\apache\tomcat\embed\tomcat-embed-websocket\10.1.42\tomcat-embed-websocket-10.1.42.jar;E:\apache-maven-3.9.9-bin\mvn_repo\org\springframework\spring-web\6.2.8\spring-web-6.2.8.jar;E:\apache-maven-3.9.9-bin\mvn_repo\org\springframework\spring-beans\6.2.8\spring-beans-6.2.8.jar;E:\apache-maven-3.9.9-bin\mvn_repo\io\micrometer\micrometer-observation\1.14.8\micrometer-observation-1.14.8.jar;E:\apache-maven-3.9.9-bin\mvn_repo\io\micrometer\micrometer-commons\1.14.8\micrometer-commons-1.14.8.jar;E:\apache-maven-3.9.9-bin\mvn_repo\org\springframework\spring-webmvc\6.2.8\spring-webmvc-6.2.8.jar;E:\apache-maven-3.9.9-bin\mvn_repo\org\springframework\spring-aop\6.2.8\spring-aop-6.2.8.jar;E:\apache-maven-3.9.9-bin\mvn_repo\org\springframework\spring-context\6.2.8\spring-context-6.2.8.jar;E:\apache-maven-3.9.9-bin\mvn_repo\org\springframework\spring-expression\6.2.8\spring-expression-6.2.8.jar;E:\apache-maven-3.9.9-bin\mvn_repo\org\springframework\boot\spring-boot-starter-test\3.4.7\spring-boot-starter-test-3.4.7.jar;E:\apache-maven-3.9.9-bin\mvn_repo\org\springframework\boot\spring-boot-test\3.4.7\spring-boot-test-3.4.7.jar;E:\apache-maven-3.9.9-bin\mvn_repo\org\springframework\boot\spring-boot-test-autoconfigure\3.4.7\spring-boot-test-autoconfigure-3.4.7.jar;E:\apache-maven-3.9.9-bin\mvn_repo\com\jayway\jsonpath\json-path\2.9.0\json-path-2.9.0.jar;E:\apache-maven-3.9.9-bin\mvn_repo\org\slf4j\slf4j-api\2.0.17\slf4j-api-2.0.17.jar;E:\apache-maven-3.9.9-bin\mvn_repo\jakarta\xml\bind\jakarta.xml.bind-api\4.0.2\jakarta.xml.bind-api-4.0.2.jar;E:\apache-maven-3.9.9-bin\mvn_repo\jakarta\activation\jakarta.activation-api\2.1.3\jakarta.activation-api-2.1.3.jar;E:\apache-maven-3.9.9-bin\mvn_repo\net\minidev\json-smart\2.5.2\json-smart-2.5.2.jar;E:\apache-maven-3.9.9-bin\mvn_repo\net\minidev\accessors-smart\2.5.2\accessors-smart-2.5.2.jar;E:\apache-maven-3.9.9-bin\mvn_repo\org\ow2\asm\asm\9.7.1\asm-9.7.1.jar;E:\apache-maven-3.9.9-bin\mvn_repo\org\assertj\assertj-core\3.26.3\assertj-core-3.26.3.jar;E:\apache-maven-3.9.9-bin\mvn_repo\net\bytebuddy\byte-buddy\1.15.11\byte-buddy-1.15.11.jar;E:\apache-maven-3.9.9-bin\mvn_repo\org\awaitility\awaitility\4.2.2\awaitility-4.2.2.jar;E:\apache-maven-3.9.9-bin\mvn_repo\org\hamcrest\hamcrest\2.2\hamcrest-2.2.jar;E:\apache-maven-3.9.9-bin\mvn_repo\org\junit\jupiter\junit-jupiter\5.11.4\junit-jupiter-5.11.4.jar;E:\apache-maven-3.9.9-bin\mvn_repo\org\junit\jupiter\junit-jupiter-api\5.11.4\junit-jupiter-api-5.11.4.jar;E:\apache-maven-3.9.9-bin\mvn_repo\org\opentest4j\opentest4j\1.3.0\opentest4j-1.3.0.jar;E:\apache-maven-3.9.9-bin\mvn_repo\org\junit\platform\junit-platform-commons\1.11.4\junit-platform-commons-1.11.4.jar;E:\apache-maven-3.9.9-bin\mvn_repo\org\apiguardian\apiguardian-api\1.1.2\apiguardian-api-1.1.2.jar;E:\apache-maven-3.9.9-bin\mvn_repo\org\junit\jupiter\junit-jupiter-params\5.11.4\junit-jupiter-params-5.11.4.jar;E:\apache-maven-3.9.9-bin\mvn_repo\org\junit\jupiter\junit-jupiter-engine\5.11.4\junit-jupiter-engine-5.11.4.jar;E:\apache-maven-3.9.9-bin\mvn_repo\org\junit\platform\junit-platform-engine\1.11.4\junit-platform-engine-1.11.4.jar;E:\apache-maven-3.9.9-bin\mvn_repo\org\mockito\mockito-core\5.14.2\mockito-core-5.14.2.jar;E:\apache-maven-3.9.9-bin\mvn_repo\net\bytebuddy\byte-buddy-agent\1.15.11\byte-buddy-agent-1.15.11.jar;E:\apache-maven-3.9.9-bin\mvn_repo\org\objenesis\objenesis\3.3\objenesis-3.3.jar;E:\apache-maven-3.9.9-bin\mvn_repo\org\mockito\mockito-junit-jupiter\5.14.2\mockito-junit-jupiter-5.14.2.jar;E:\apache-maven-3.9.9-bin\mvn_repo\org\skyscreamer\jsonassert\1.5.3\jsonassert-1.5.3.jar;E:\apache-maven-3.9.9-bin\mvn_repo\com\vaadin\external\google\android-json\0.0.20131108.vaadin1\android-json-0.0.20131108.vaadin1.jar;E:\apache-maven-3.9.9-bin\mvn_repo\org\springframework\spring-core\6.2.8\spring-core-6.2.8.jar;E:\apache-maven-3.9.9-bin\mvn_repo\org\springframework\spring-jcl\6.2.8\spring-jcl-6.2.8.jar;E:\apache-maven-3.9.9-bin\mvn_repo\org\springframework\spring-test\6.2.8\spring-test-6.2.8.jar;E:\apache-maven-3.9.9-bin\mvn_repo\org\xmlunit\xmlunit-core\2.10.2\xmlunit-core-2.10.2.jar;E:\apache-maven-3.9.9-bin\mvn_repo\org\springframework\ai\spring-ai-starter-model-deepseek\1.0.0\spring-ai-starter-model-deepseek-1.0.0.jar;E:\apache-maven-3.9.9-bin\mvn_repo\org\springframework\ai\spring-ai-autoconfigure-model-deepseek\1.0.0\spring-ai-autoconfigure-model-deepseek-1.0.0.jar;E:\apache-maven-3.9.9-bin\mvn_repo\org\springframework\ai\spring-ai-autoconfigure-model-tool\1.0.0\spring-ai-autoconfigure-model-tool-1.0.0.jar;E:\apache-maven-3.9.9-bin\mvn_repo\org\springframework\ai\spring-ai-autoconfigure-retry\1.0.0\spring-ai-autoconfigure-retry-1.0.0.jar;E:\apache-maven-3.9.9-bin\mvn_repo\org\springframework\ai\spring-ai-autoconfigure-model-chat-observation\1.0.0\spring-ai-autoconfigure-model-chat-observation-1.0.0.jar;E:\apache-maven-3.9.9-bin\mvn_repo\org\springframework\ai\spring-ai-deepseek\1.0.0\spring-ai-deepseek-1.0.0.jar;E:\apache-maven-3.9.9-bin\mvn_repo\org\springframework\ai\spring-ai-model\1.0.0\spring-ai-model-1.0.0.jar;E:\apache-maven-3.9.9-bin\mvn_repo\org\springframework\ai\spring-ai-commons\1.0.0\spring-ai-commons-1.0.0.jar;E:\apache-maven-3.9.9-bin\mvn_repo\io\micrometer\micrometer-core\1.14.8\micrometer-core-1.14.8.jar;E:\apache-maven-3.9.9-bin\mvn_repo\org\hdrhistogram\HdrHistogram\2.2.2\HdrHistogram-2.2.2.jar;E:\apache-maven-3.9.9-bin\mvn_repo\org\latencyutils\LatencyUtils\2.0.3\LatencyUtils-2.0.3.jar;E:\apache-maven-3.9.9-bin\mvn_repo\io\micrometer\context-propagation\1.1.3\context-propagation-1.1.3.jar;E:\apache-maven-3.9.9-bin\mvn_repo\org\springframework\ai\spring-ai-template-st\1.0.0\spring-ai-template-st-1.0.0.jar;E:\apache-maven-3.9.9-bin\mvn_repo\org\antlr\ST4\4.3.4\ST4-4.3.4.jar;E:\apache-maven-3.9.9-bin\mvn_repo\org\antlr\antlr-runtime\3.5.3\antlr-runtime-3.5.3.jar;E:\apache-maven-3.9.9-bin\mvn_repo\org\springframework\spring-messaging\6.2.8\spring-messaging-6.2.8.jar;E:\apache-maven-3.9.9-bin\mvn_repo\io\projectreactor\reactor-core\3.7.7\reactor-core-3.7.7.jar;E:\apache-maven-3.9.9-bin\mvn_repo\org\reactivestreams\reactive-streams\1.0.4\reactive-streams-1.0.4.jar;E:\apache-maven-3.9.9-bin\mvn_repo\org\antlr\antlr4-runtime\4.13.1\antlr4-runtime-4.13.1.jar;E:\apache-maven-3.9.9-bin\mvn_repo\com\github\victools\jsonschema-generator\4.37.0\jsonschema-generator-4.37.0.jar;E:\apache-maven-3.9.9-bin\mvn_repo\com\fasterxml\classmate\1.7.0\classmate-1.7.0.jar;E:\apache-maven-3.9.9-bin\mvn_repo\com\github\victools\jsonschema-module-jackson\4.37.0\jsonschema-module-jackson-4.37.0.jar;E:\apache-maven-3.9.9-bin\mvn_repo\com\github\victools\jsonschema-module-swagger-2\4.37.0\jsonschema-module-swagger-2-4.37.0.jar;E:\apache-maven-3.9.9-bin\mvn_repo\io\swagger\core\v3\swagger-annotations\2.2.25\swagger-annotations-2.2.25.jar;E:\apache-maven-3.9.9-bin\mvn_repo\org\springframework\ai\spring-ai-retry\1.0.0\spring-ai-retry-1.0.0.jar;E:\apache-maven-3.9.9-bin\mvn_repo\org\springframework\retry\spring-retry\2.0.12\spring-retry-2.0.12.jar;E:\apache-maven-3.9.9-bin\mvn_repo\org\springframework\spring-webflux\6.2.8\spring-webflux-6.2.8.jar;E:\apache-maven-3.9.9-bin\mvn_repo\org\springframework\spring-context-support\6.2.8\spring-context-support-6.2.8.jar;E:\apache-maven-3.9.9-bin\mvn_repo\org\springframework\ai\spring-ai-autoconfigure-model-chat-client\1.0.0\spring-ai-autoconfigure-model-chat-client-1.0.0.jar;E:\apache-maven-3.9.9-bin\mvn_repo\org\springframework\ai\spring-ai-client-chat\1.0.0\spring-ai-client-chat-1.0.0.jar;E:\apache-maven-3.9.9-bin\mvn_repo\com\fasterxml\jackson\module\jackson-module-jsonSchema\2.18.4\jackson-module-jsonSchema-2.18.4.jar;E:\apache-maven-3.9.9-bin\mvn_repo\javax\validation\validation-api\1.1.0.Final\validation-api-1.1.0.Final.jar;E:\apache-maven-3.9.9-bin\mvn_repo\com\knuddels\jtokkit\1.1.0\jtokkit-1.1.0.jar;E:\apache-maven-3.9.9-bin\mvn_repo\org\springframework\ai\spring-ai-autoconfigure-model-chat-memory\1.0.0\spring-ai-autoconfigure-model-chat-memory-1.0.0.jar;E:\apache-maven-3.9.9-bin\mvn_repo\org\apache\commons\commons-lang3\3.12.0\commons-lang3-3.12.0.jar;E:\apache-maven-3.9.9-bin\mvn_repo\org\projectlombok\lombok\1.18.30\lombok-1.18.30.jar;"/>
    <property name="java.vm.vendor" value="Microsoft"/>
    <property name="sun.arch.data.model" value="64"/>
    <property name="user.variant" value=""/>
    <property name="java.vendor.url" value="https://www.microsoft.com"/>
    <property name="user.timezone" value="Asia/Shanghai"/>
    <property name="os.name" value="Windows 11"/>
    <property name="java.vm.specification.version" value="21"/>
    <property name="sun.java.launcher" value="SUN_STANDARD"/>
    <property name="user.country" value="CN"/>
    <property name="sun.boot.library.path" value="C:\Users\24824\.jdks\ms-21.0.7\bin"/>
    <property name="sun.java.command" value="C:\Users\24824\AppData\Local\Temp\surefire16171716253152045531\surefirebooter-20250722111605446_3.jar C:\Users\24824\AppData\Local\Temp\surefire16171716253152045531 2025-07-22T11-16-05_309-jvmRun1 surefire-20250722111605446_1tmp surefire_0-20250722111605446_2tmp"/>
    <property name="jdk.debug" value="release"/>
    <property name="surefire.test.class.path" value="E:\develop\ai-robot-springboot\xiaoha-ai-robot\xiaoha-ai-robot-springboot\target\test-classes;E:\develop\ai-robot-springboot\xiaoha-ai-robot\xiaoha-ai-robot-springboot\target\classes;E:\apache-maven-3.9.9-bin\mvn_repo\org\springframework\boot\spring-boot-starter-web\3.4.7\spring-boot-starter-web-3.4.7.jar;E:\apache-maven-3.9.9-bin\mvn_repo\org\springframework\boot\spring-boot-starter\3.4.7\spring-boot-starter-3.4.7.jar;E:\apache-maven-3.9.9-bin\mvn_repo\org\springframework\boot\spring-boot\3.4.7\spring-boot-3.4.7.jar;E:\apache-maven-3.9.9-bin\mvn_repo\org\springframework\boot\spring-boot-autoconfigure\3.4.7\spring-boot-autoconfigure-3.4.7.jar;E:\apache-maven-3.9.9-bin\mvn_repo\org\springframework\boot\spring-boot-starter-logging\3.4.7\spring-boot-starter-logging-3.4.7.jar;E:\apache-maven-3.9.9-bin\mvn_repo\ch\qos\logback\logback-classic\1.5.18\logback-classic-1.5.18.jar;E:\apache-maven-3.9.9-bin\mvn_repo\ch\qos\logback\logback-core\1.5.18\logback-core-1.5.18.jar;E:\apache-maven-3.9.9-bin\mvn_repo\org\apache\logging\log4j\log4j-to-slf4j\2.24.3\log4j-to-slf4j-2.24.3.jar;E:\apache-maven-3.9.9-bin\mvn_repo\org\apache\logging\log4j\log4j-api\2.24.3\log4j-api-2.24.3.jar;E:\apache-maven-3.9.9-bin\mvn_repo\org\slf4j\jul-to-slf4j\2.0.17\jul-to-slf4j-2.0.17.jar;E:\apache-maven-3.9.9-bin\mvn_repo\jakarta\annotation\jakarta.annotation-api\2.1.1\jakarta.annotation-api-2.1.1.jar;E:\apache-maven-3.9.9-bin\mvn_repo\org\yaml\snakeyaml\2.3\snakeyaml-2.3.jar;E:\apache-maven-3.9.9-bin\mvn_repo\org\springframework\boot\spring-boot-starter-json\3.4.7\spring-boot-starter-json-3.4.7.jar;E:\apache-maven-3.9.9-bin\mvn_repo\com\fasterxml\jackson\core\jackson-databind\2.18.4\jackson-databind-2.18.4.jar;E:\apache-maven-3.9.9-bin\mvn_repo\com\fasterxml\jackson\core\jackson-annotations\2.18.4\jackson-annotations-2.18.4.jar;E:\apache-maven-3.9.9-bin\mvn_repo\com\fasterxml\jackson\core\jackson-core\2.18.4.1\jackson-core-2.18.4.1.jar;E:\apache-maven-3.9.9-bin\mvn_repo\com\fasterxml\jackson\datatype\jackson-datatype-jdk8\2.18.4\jackson-datatype-jdk8-2.18.4.jar;E:\apache-maven-3.9.9-bin\mvn_repo\com\fasterxml\jackson\datatype\jackson-datatype-jsr310\2.18.4\jackson-datatype-jsr310-2.18.4.jar;E:\apache-maven-3.9.9-bin\mvn_repo\com\fasterxml\jackson\module\jackson-module-parameter-names\2.18.4\jackson-module-parameter-names-2.18.4.jar;E:\apache-maven-3.9.9-bin\mvn_repo\org\springframework\boot\spring-boot-starter-tomcat\3.4.7\spring-boot-starter-tomcat-3.4.7.jar;E:\apache-maven-3.9.9-bin\mvn_repo\org\apache\tomcat\embed\tomcat-embed-core\10.1.42\tomcat-embed-core-10.1.42.jar;E:\apache-maven-3.9.9-bin\mvn_repo\org\apache\tomcat\embed\tomcat-embed-el\10.1.42\tomcat-embed-el-10.1.42.jar;E:\apache-maven-3.9.9-bin\mvn_repo\org\apache\tomcat\embed\tomcat-embed-websocket\10.1.42\tomcat-embed-websocket-10.1.42.jar;E:\apache-maven-3.9.9-bin\mvn_repo\org\springframework\spring-web\6.2.8\spring-web-6.2.8.jar;E:\apache-maven-3.9.9-bin\mvn_repo\org\springframework\spring-beans\6.2.8\spring-beans-6.2.8.jar;E:\apache-maven-3.9.9-bin\mvn_repo\io\micrometer\micrometer-observation\1.14.8\micrometer-observation-1.14.8.jar;E:\apache-maven-3.9.9-bin\mvn_repo\io\micrometer\micrometer-commons\1.14.8\micrometer-commons-1.14.8.jar;E:\apache-maven-3.9.9-bin\mvn_repo\org\springframework\spring-webmvc\6.2.8\spring-webmvc-6.2.8.jar;E:\apache-maven-3.9.9-bin\mvn_repo\org\springframework\spring-aop\6.2.8\spring-aop-6.2.8.jar;E:\apache-maven-3.9.9-bin\mvn_repo\org\springframework\spring-context\6.2.8\spring-context-6.2.8.jar;E:\apache-maven-3.9.9-bin\mvn_repo\org\springframework\spring-expression\6.2.8\spring-expression-6.2.8.jar;E:\apache-maven-3.9.9-bin\mvn_repo\org\springframework\boot\spring-boot-starter-test\3.4.7\spring-boot-starter-test-3.4.7.jar;E:\apache-maven-3.9.9-bin\mvn_repo\org\springframework\boot\spring-boot-test\3.4.7\spring-boot-test-3.4.7.jar;E:\apache-maven-3.9.9-bin\mvn_repo\org\springframework\boot\spring-boot-test-autoconfigure\3.4.7\spring-boot-test-autoconfigure-3.4.7.jar;E:\apache-maven-3.9.9-bin\mvn_repo\com\jayway\jsonpath\json-path\2.9.0\json-path-2.9.0.jar;E:\apache-maven-3.9.9-bin\mvn_repo\org\slf4j\slf4j-api\2.0.17\slf4j-api-2.0.17.jar;E:\apache-maven-3.9.9-bin\mvn_repo\jakarta\xml\bind\jakarta.xml.bind-api\4.0.2\jakarta.xml.bind-api-4.0.2.jar;E:\apache-maven-3.9.9-bin\mvn_repo\jakarta\activation\jakarta.activation-api\2.1.3\jakarta.activation-api-2.1.3.jar;E:\apache-maven-3.9.9-bin\mvn_repo\net\minidev\json-smart\2.5.2\json-smart-2.5.2.jar;E:\apache-maven-3.9.9-bin\mvn_repo\net\minidev\accessors-smart\2.5.2\accessors-smart-2.5.2.jar;E:\apache-maven-3.9.9-bin\mvn_repo\org\ow2\asm\asm\9.7.1\asm-9.7.1.jar;E:\apache-maven-3.9.9-bin\mvn_repo\org\assertj\assertj-core\3.26.3\assertj-core-3.26.3.jar;E:\apache-maven-3.9.9-bin\mvn_repo\net\bytebuddy\byte-buddy\1.15.11\byte-buddy-1.15.11.jar;E:\apache-maven-3.9.9-bin\mvn_repo\org\awaitility\awaitility\4.2.2\awaitility-4.2.2.jar;E:\apache-maven-3.9.9-bin\mvn_repo\org\hamcrest\hamcrest\2.2\hamcrest-2.2.jar;E:\apache-maven-3.9.9-bin\mvn_repo\org\junit\jupiter\junit-jupiter\5.11.4\junit-jupiter-5.11.4.jar;E:\apache-maven-3.9.9-bin\mvn_repo\org\junit\jupiter\junit-jupiter-api\5.11.4\junit-jupiter-api-5.11.4.jar;E:\apache-maven-3.9.9-bin\mvn_repo\org\opentest4j\opentest4j\1.3.0\opentest4j-1.3.0.jar;E:\apache-maven-3.9.9-bin\mvn_repo\org\junit\platform\junit-platform-commons\1.11.4\junit-platform-commons-1.11.4.jar;E:\apache-maven-3.9.9-bin\mvn_repo\org\apiguardian\apiguardian-api\1.1.2\apiguardian-api-1.1.2.jar;E:\apache-maven-3.9.9-bin\mvn_repo\org\junit\jupiter\junit-jupiter-params\5.11.4\junit-jupiter-params-5.11.4.jar;E:\apache-maven-3.9.9-bin\mvn_repo\org\junit\jupiter\junit-jupiter-engine\5.11.4\junit-jupiter-engine-5.11.4.jar;E:\apache-maven-3.9.9-bin\mvn_repo\org\junit\platform\junit-platform-engine\1.11.4\junit-platform-engine-1.11.4.jar;E:\apache-maven-3.9.9-bin\mvn_repo\org\mockito\mockito-core\5.14.2\mockito-core-5.14.2.jar;E:\apache-maven-3.9.9-bin\mvn_repo\net\bytebuddy\byte-buddy-agent\1.15.11\byte-buddy-agent-1.15.11.jar;E:\apache-maven-3.9.9-bin\mvn_repo\org\objenesis\objenesis\3.3\objenesis-3.3.jar;E:\apache-maven-3.9.9-bin\mvn_repo\org\mockito\mockito-junit-jupiter\5.14.2\mockito-junit-jupiter-5.14.2.jar;E:\apache-maven-3.9.9-bin\mvn_repo\org\skyscreamer\jsonassert\1.5.3\jsonassert-1.5.3.jar;E:\apache-maven-3.9.9-bin\mvn_repo\com\vaadin\external\google\android-json\0.0.20131108.vaadin1\android-json-0.0.20131108.vaadin1.jar;E:\apache-maven-3.9.9-bin\mvn_repo\org\springframework\spring-core\6.2.8\spring-core-6.2.8.jar;E:\apache-maven-3.9.9-bin\mvn_repo\org\springframework\spring-jcl\6.2.8\spring-jcl-6.2.8.jar;E:\apache-maven-3.9.9-bin\mvn_repo\org\springframework\spring-test\6.2.8\spring-test-6.2.8.jar;E:\apache-maven-3.9.9-bin\mvn_repo\org\xmlunit\xmlunit-core\2.10.2\xmlunit-core-2.10.2.jar;E:\apache-maven-3.9.9-bin\mvn_repo\org\springframework\ai\spring-ai-starter-model-deepseek\1.0.0\spring-ai-starter-model-deepseek-1.0.0.jar;E:\apache-maven-3.9.9-bin\mvn_repo\org\springframework\ai\spring-ai-autoconfigure-model-deepseek\1.0.0\spring-ai-autoconfigure-model-deepseek-1.0.0.jar;E:\apache-maven-3.9.9-bin\mvn_repo\org\springframework\ai\spring-ai-autoconfigure-model-tool\1.0.0\spring-ai-autoconfigure-model-tool-1.0.0.jar;E:\apache-maven-3.9.9-bin\mvn_repo\org\springframework\ai\spring-ai-autoconfigure-retry\1.0.0\spring-ai-autoconfigure-retry-1.0.0.jar;E:\apache-maven-3.9.9-bin\mvn_repo\org\springframework\ai\spring-ai-autoconfigure-model-chat-observation\1.0.0\spring-ai-autoconfigure-model-chat-observation-1.0.0.jar;E:\apache-maven-3.9.9-bin\mvn_repo\org\springframework\ai\spring-ai-deepseek\1.0.0\spring-ai-deepseek-1.0.0.jar;E:\apache-maven-3.9.9-bin\mvn_repo\org\springframework\ai\spring-ai-model\1.0.0\spring-ai-model-1.0.0.jar;E:\apache-maven-3.9.9-bin\mvn_repo\org\springframework\ai\spring-ai-commons\1.0.0\spring-ai-commons-1.0.0.jar;E:\apache-maven-3.9.9-bin\mvn_repo\io\micrometer\micrometer-core\1.14.8\micrometer-core-1.14.8.jar;E:\apache-maven-3.9.9-bin\mvn_repo\org\hdrhistogram\HdrHistogram\2.2.2\HdrHistogram-2.2.2.jar;E:\apache-maven-3.9.9-bin\mvn_repo\org\latencyutils\LatencyUtils\2.0.3\LatencyUtils-2.0.3.jar;E:\apache-maven-3.9.9-bin\mvn_repo\io\micrometer\context-propagation\1.1.3\context-propagation-1.1.3.jar;E:\apache-maven-3.9.9-bin\mvn_repo\org\springframework\ai\spring-ai-template-st\1.0.0\spring-ai-template-st-1.0.0.jar;E:\apache-maven-3.9.9-bin\mvn_repo\org\antlr\ST4\4.3.4\ST4-4.3.4.jar;E:\apache-maven-3.9.9-bin\mvn_repo\org\antlr\antlr-runtime\3.5.3\antlr-runtime-3.5.3.jar;E:\apache-maven-3.9.9-bin\mvn_repo\org\springframework\spring-messaging\6.2.8\spring-messaging-6.2.8.jar;E:\apache-maven-3.9.9-bin\mvn_repo\io\projectreactor\reactor-core\3.7.7\reactor-core-3.7.7.jar;E:\apache-maven-3.9.9-bin\mvn_repo\org\reactivestreams\reactive-streams\1.0.4\reactive-streams-1.0.4.jar;E:\apache-maven-3.9.9-bin\mvn_repo\org\antlr\antlr4-runtime\4.13.1\antlr4-runtime-4.13.1.jar;E:\apache-maven-3.9.9-bin\mvn_repo\com\github\victools\jsonschema-generator\4.37.0\jsonschema-generator-4.37.0.jar;E:\apache-maven-3.9.9-bin\mvn_repo\com\fasterxml\classmate\1.7.0\classmate-1.7.0.jar;E:\apache-maven-3.9.9-bin\mvn_repo\com\github\victools\jsonschema-module-jackson\4.37.0\jsonschema-module-jackson-4.37.0.jar;E:\apache-maven-3.9.9-bin\mvn_repo\com\github\victools\jsonschema-module-swagger-2\4.37.0\jsonschema-module-swagger-2-4.37.0.jar;E:\apache-maven-3.9.9-bin\mvn_repo\io\swagger\core\v3\swagger-annotations\2.2.25\swagger-annotations-2.2.25.jar;E:\apache-maven-3.9.9-bin\mvn_repo\org\springframework\ai\spring-ai-retry\1.0.0\spring-ai-retry-1.0.0.jar;E:\apache-maven-3.9.9-bin\mvn_repo\org\springframework\retry\spring-retry\2.0.12\spring-retry-2.0.12.jar;E:\apache-maven-3.9.9-bin\mvn_repo\org\springframework\spring-webflux\6.2.8\spring-webflux-6.2.8.jar;E:\apache-maven-3.9.9-bin\mvn_repo\org\springframework\spring-context-support\6.2.8\spring-context-support-6.2.8.jar;E:\apache-maven-3.9.9-bin\mvn_repo\org\springframework\ai\spring-ai-autoconfigure-model-chat-client\1.0.0\spring-ai-autoconfigure-model-chat-client-1.0.0.jar;E:\apache-maven-3.9.9-bin\mvn_repo\org\springframework\ai\spring-ai-client-chat\1.0.0\spring-ai-client-chat-1.0.0.jar;E:\apache-maven-3.9.9-bin\mvn_repo\com\fasterxml\jackson\module\jackson-module-jsonSchema\2.18.4\jackson-module-jsonSchema-2.18.4.jar;E:\apache-maven-3.9.9-bin\mvn_repo\javax\validation\validation-api\1.1.0.Final\validation-api-1.1.0.Final.jar;E:\apache-maven-3.9.9-bin\mvn_repo\com\knuddels\jtokkit\1.1.0\jtokkit-1.1.0.jar;E:\apache-maven-3.9.9-bin\mvn_repo\org\springframework\ai\spring-ai-autoconfigure-model-chat-memory\1.0.0\spring-ai-autoconfigure-model-chat-memory-1.0.0.jar;E:\apache-maven-3.9.9-bin\mvn_repo\org\apache\commons\commons-lang3\3.12.0\commons-lang3-3.12.0.jar;E:\apache-maven-3.9.9-bin\mvn_repo\org\projectlombok\lombok\1.18.30\lombok-1.18.30.jar;"/>
    <property name="sun.cpu.endian" value="little"/>
    <property name="user.home" value="C:\Users\24824"/>
    <property name="user.language" value="zh"/>
    <property name="java.specification.vendor" value="Oracle Corporation"/>
    <property name="java.version.date" value="2025-04-15"/>
    <property name="java.home" value="C:\Users\24824\.jdks\ms-21.0.7"/>
    <property name="file.separator" value="\"/>
    <property name="basedir" value="E:\develop\ai-robot-springboot\xiaoha-ai-robot\xiaoha-ai-robot-springboot"/>
    <property name="java.vm.compressedOopsMode" value="Zero based"/>
    <property name="line.separator" value="&#10;"/>
    <property name="java.vm.specification.vendor" value="Oracle Corporation"/>
    <property name="java.specification.name" value="Java Platform API Specification"/>
    <property name="FILE_LOG_CHARSET" value="UTF-8"/>
    <property name="java.awt.headless" value="true"/>
    <property name="surefire.real.class.path" value="C:\Users\24824\AppData\Local\Temp\surefire16171716253152045531\surefirebooter-20250722111605446_3.jar"/>
    <property name="user.script" value=""/>
    <property name="sun.management.compiler" value="HotSpot 64-Bit Tiered Compilers"/>
    <property name="java.runtime.version" value="21.0.7+6-LTS"/>
    <property name="user.name" value="24824"/>
    <property name="stdout.encoding" value="GBK"/>
    <property name="path.separator" value=";"/>
    <property name="os.version" value="10.0"/>
    <property name="java.runtime.name" value="OpenJDK Runtime Environment"/>
    <property name="file.encoding" value="UTF-8"/>
    <property name="java.vm.name" value="OpenJDK 64-Bit Server VM"/>
    <property name="java.vendor.version" value="Microsoft-11369940"/>
    <property name="localRepository" value="E:\apache-maven-3.9.9-bin\mvn_repo"/>
    <property name="java.vendor.url.bug" value="https://github.com/microsoft/openjdk/issues"/>
    <property name="java.io.tmpdir" value="C:\Users\24824\AppData\Local\Temp\"/>
    <property name="idea.version" value="2023.3.4"/>
    <property name="java.version" value="21.0.7"/>
    <property name="user.dir" value="E:\develop\ai-robot-springboot\xiaoha-ai-robot\xiaoha-ai-robot-springboot"/>
    <property name="os.arch" value="amd64"/>
    <property name="java.vm.specification.name" value="Java Virtual Machine Specification"/>
    <property name="PID" value="12140"/>
    <property name="sun.os.patch.level" value=""/>
    <property name="CONSOLE_LOG_CHARSET" value="UTF-8"/>
    <property name="native.encoding" value="GBK"/>
    <property name="java.library.path" value="C:\Users\24824\.jdks\ms-21.0.7\bin;C:\WINDOWS\Sun\Java\bin;C:\WINDOWS\system32;C:\WINDOWS;E:\software\Anaconda;E:\software\Anaconda\Scripts;E:\software\Anaconda\Library\bin;C:\Program Files\Java\jdk-17\bin;e:\develop\cursor\resources\app\bin;C:\Program Files\Common Files\Oracle\Java\javapath;E:\apache-maven-3.9.9-bin\bin;D:\VMware\bin\;C:\Program Files (x86)\Common Files\Intel\Shared Libraries\redist\intel64\compiler;C:\WINDOWS\system32;C:\WINDOWS;C:\WINDOWS\System32\Wbem;C:\WINDOWS\System32\WindowsPowerShell\v1.0\;C:\WINDOWS\System32\OpenSSH\;D:\runtime\win64;D:\微信小程序开发工具\微信web开发者工具\dll;D:\Git\cmd;C:\Program Files (x86)\Microsoft SQL Server\100\Tools\Binn\;C:\Program Files\Microsoft SQL Server\100\Tools\Binn\;C:\Program Files\Microsoft SQL Server\100\DTS\Binn\;C:\Program Files\NVIDIA GPU Computing Toolkit\CUDA;C:\Program Files\NVIDIA GPU Computing Toolkit\CUDA\v11.3\lib\x64;C:\Program Files\NVIDIA GPU Computing Toolkit\CUDA\v11.3\bin;C:\Program Files\NVIDIA GPU Computing Toolkit\CUDA\v11.3\libnvvp;C:\Program Files\MySQL\MySQL Server 8.0\bin;C:\WINDOWS\system32;C:\Program Files\NVIDIA Corporation\NVIDIA App\NvDLISR;E:\nodejs;E:\msys64\ucrt64\bin;E:\software\script;E:\software\nodejs\;C:\Users\24824\AppData\Local\Programs\Python\Python313;C:\Users\24824\AppData\Local\Microsoft\WindowsApps;D:\PyCharm 2023.3.2\bin;;%IntelliJ IDEA%;D:\DataGrip 2023.2.1\bin;;E:\software\pycharm 2020.1.3\PyCharm Community Edition 2020.1.3\bin;;D:\Microsoft VS Code\bin;C:\Users\24824\AppData\Local\Microsoft\WinGet\Packages\Schniz.fnm_Microsoft.Winget.Source_8wekyb3d8bbwe;D:\Typora\bin\typora.exe;;C:\Users\24824\AppData\Local\Programs\Ollama;E:\develop\cursor\resources\app\bin;C:\Users\24824\AppData\Roaming\npm;."/>
    <property name="java.vm.info" value="mixed mode, sharing"/>
    <property name="stderr.encoding" value="GBK"/>
    <property name="java.vendor" value="Microsoft"/>
    <property name="java.vm.version" value="21.0.7+6-LTS"/>
    <property name="sun.io.unicode.encoding" value="UnicodeLittle"/>
    <property name="java.class.version" value="65.0"/>
  </properties>
  <testcase name="contextLoads" classname="com.quanxiaoha.ai.robot.XiaohaAiRobotSpringbootApplicationTests" time="0.836">
    <system-out><![CDATA[11:16:06.310 [main] INFO org.springframework.test.context.support.AnnotationConfigContextLoaderUtils -- Could not detect default configuration classes for test class [com.quanxiaoha.ai.robot.XiaohaAiRobotSpringbootApplicationTests]: XiaohaAiRobotSpringbootApplicationTests does not declare any static, non-private, non-final, nested classes annotated with @Configuration.
11:16:06.409 [main] INFO org.springframework.boot.test.context.SpringBootTestContextBootstrapper -- Found @SpringBootConfiguration com.quanxiaoha.ai.robot.XiaohaAiRobotSpringbootApplication for test class com.quanxiaoha.ai.robot.XiaohaAiRobotSpringbootApplicationTests

  .   ____          _            __ _ _
 /\\ / ___'_ __ _ _(_)_ __  __ _ \ \ \ \
( ( )\___ | '_ | '_| | '_ \/ _` | \ \ \ \
 \\/  ___)| |_)| | | | | || (_| |  ) ) ) )
  '  |____| .__|_| |_|_| |_\__, | / / / /
 =========|_|==============|___/=/_/_/_/

 :: Spring Boot ::                (v3.4.7)

2025-07-22T11:16:06.817+08:00  INFO 12140 --- [           main] .XiaohaAiRobotSpringbootApplicationTests : Starting XiaohaAiRobotSpringbootApplicationTests using Java 21.0.7 with PID 12140 (started by 24824 in E:\develop\ai-robot-springboot\xiaoha-ai-robot\xiaoha-ai-robot-springboot)
2025-07-22T11:16:06.818+08:00  INFO 12140 --- [           main] .XiaohaAiRobotSpringbootApplicationTests : No active profile set, falling back to 1 default profile: "default"
2025-07-22T11:16:08.308+08:00  INFO 12140 --- [           main] .XiaohaAiRobotSpringbootApplicationTests : Started XiaohaAiRobotSpringbootApplicationTests in 1.779 seconds (process running for 2.633)
]]></system-out>
    <system-err><![CDATA[Mockito is currently self-attaching to enable the inline-mock-maker. This will no longer work in future releases of the JDK. Please add Mockito as an agent to your build what is described in Mockito's documentation: https://javadoc.io/doc/org.mockito/mockito-core/latest/org/mockito/Mockito.html#0.3
WARNING: A Java agent has been loaded dynamically (E:\apache-maven-3.9.9-bin\mvn_repo\net\bytebuddy\byte-buddy-agent\1.15.11\byte-buddy-agent-1.15.11.jar)
WARNING: If a serviceability tool is in use, please run with -XX:+EnableDynamicAgentLoading to hide this warning
WARNING: If a serviceability tool is not in use, please run with -Djdk.instrument.traceUsage for more information
WARNING: Dynamic loading of agents will be disallowed by default in a future release
]]></system-err>
  </testcase>
</testsuite>